<?xml version="1.0" encoding="UTF-8"?>
<!-- Generated by org.testng.reporters.JUnitReportReporter -->
<testsuite hostname="DESKTOP-00T6P8Q" name="test.TestRunner" tests="2" failures="0" timestamp="19 Jul 2020 16:52:24 GMT" time="67.394" errors="0">
  <testcase name="feature" time="35.017" classname="test.TestRunner"/>
  <testcase name="feature" time="32.377" classname="test.TestRunner"/>
</testsuite> <!-- test.TestRunner -->
