<?xml version="1.0" encoding="UTF-8"?>
<!-- Generated by org.testng.reporters.JUnitReportReporter -->
<testsuite hostname="DESKTOP-00T6P8Q" name="test.TestRunner" tests="1" failures="0" timestamp="15 Jul 2020 14:28:06 GMT" time="83.299" errors="0">
  <testcase name="feature" time="83.299" classname="test.TestRunner"/>
</testsuite> <!-- test.TestRunner -->
