<?xml version="1.0" encoding="UTF-8"?>
<!-- Generated by org.testng.reporters.JUnitReportReporter -->
<testsuite hostname="DESKTOP-00T6P8Q" name="test.TestRunner" tests="2" failures="0" timestamp="17 Jul 2020 13:52:21 GMT" time="106.202" errors="0">
  <testcase name="feature" time="55.988" classname="test.TestRunner"/>
  <testcase name="feature" time="50.214" classname="test.TestRunner"/>
</testsuite> <!-- test.TestRunner -->
